Performing C SOURCE FILE Test CMAKE_HAVE_LIBC_PTHREAD failed with the following output:
Change Dir: /home/roberto/COverage_ws/build/CMakeFiles/CMakeTmp

Run Build Command(s):/usr/bin/make cmTC_7b36d/fast && /usr/bin/make -f CMakeFiles/cmTC_7b36d.dir/build.make CMakeFiles/cmTC_7b36d.dir/build
make[1]: a entrar na pasta "/home/roberto/COverage_ws/build/CMakeFiles/CMakeTmp"
Building C object CMakeFiles/cmTC_7b36d.dir/src.c.o
/usr/bin/cc   -DCMAKE_HAVE_LIBC_PTHREAD   -o CMakeFiles/cmTC_7b36d.dir/src.c.o   -c /home/roberto/COverage_ws/build/CMakeFiles/CMakeTmp/src.c
Linking C executable cmTC_7b36d
/usr/bin/cmake -E cmake_link_script CMakeFiles/cmTC_7b36d.dir/link.txt --verbose=1
/usr/bin/cc  -DCMAKE_HAVE_LIBC_PTHREAD    -rdynamic CMakeFiles/cmTC_7b36d.dir/src.c.o  -o cmTC_7b36d 
/usr/bin/ld: CMakeFiles/cmTC_7b36d.dir/src.c.o: na função "main":
src.c:(.text+0x46): referência não definida para "pthread_create"
/usr/bin/ld: src.c:(.text+0x52): referência não definida para "pthread_detach"
/usr/bin/ld: src.c:(.text+0x63): referência não definida para "pthread_join"
collect2: error: ld returned 1 exit status
make[1]: *** [CMakeFiles/cmTC_7b36d.dir/build.make:87: cmTC_7b36d] Erro 1
make[1]: a sair da pasta "/home/roberto/COverage_ws/build/CMakeFiles/CMakeTmp"
make: *** [Makefile:121: cmTC_7b36d/fast] Erro 2


Source file was:
#include <pthread.h>

void* test_func(void* data)
{
  return data;
}

int main(void)
{
  pthread_t thread;
  pthread_create(&thread, NULL, test_func, NULL);
  pthread_detach(thread);
  pthread_join(thread, NULL);
  pthread_atfork(NULL, NULL, NULL);
  pthread_exit(NULL);

  return 0;
}

Determining if the function pthread_create exists in the pthreads failed with the following output:
Change Dir: /home/roberto/COverage_ws/build/CMakeFiles/CMakeTmp

Run Build Command(s):/usr/bin/make cmTC_56dac/fast && /usr/bin/make -f CMakeFiles/cmTC_56dac.dir/build.make CMakeFiles/cmTC_56dac.dir/build
make[1]: a entrar na pasta "/home/roberto/COverage_ws/build/CMakeFiles/CMakeTmp"
Building C object CMakeFiles/cmTC_56dac.dir/CheckFunctionExists.c.o
/usr/bin/cc   -DCHECK_FUNCTION_EXISTS=pthread_create   -o CMakeFiles/cmTC_56dac.dir/CheckFunctionExists.c.o   -c /usr/share/cmake-3.16/Modules/CheckFunctionExists.c
Linking C executable cmTC_56dac
/usr/bin/cmake -E cmake_link_script CMakeFiles/cmTC_56dac.dir/link.txt --verbose=1
/usr/bin/cc  -DCHECK_FUNCTION_EXISTS=pthread_create    -rdynamic CMakeFiles/cmTC_56dac.dir/CheckFunctionExists.c.o  -o cmTC_56dac  -lpthreads 
/usr/bin/ld: não foi possível localizar -lpthreads
collect2: error: ld returned 1 exit status
make[1]: *** [CMakeFiles/cmTC_56dac.dir/build.make:87: cmTC_56dac] Erro 1
make[1]: a sair da pasta "/home/roberto/COverage_ws/build/CMakeFiles/CMakeTmp"
make: *** [Makefile:121: cmTC_56dac/fast] Erro 2



